<?xml version="1.0" encoding="UTF-8"?>
<!-- Generated by org.testng.reporters.JUnitReportReporter -->
<testsuite skipped="0" hostname="MCBHARATH-PC" name="org.test.rest.RESTAPITest" tests="3" failures="0" timestamp="09 Oct 2018 06:42:53 GMT" time="4.790" errors="0">
  <testcase name="testOpenRestAPI" time="4.751" classname="org.test.rest.RESTAPITest"/>
  <testcase name="testTwitter" time="0.011" classname="org.test.rest.RESTAPITest"/>
  <testcase name="testJIRA" time="0.028" classname="org.test.rest.RESTAPITest"/>
</testsuite> <!-- org.test.rest.RESTAPITest -->
